> Task :processResources

> Task :compileKotlin
w: file:///C:/Users/fishy/Develop/PokerLeagueBackEnd/src/main/kotlin/com/pokerleaguebackend/security/JwtTokenProvider.kt:25:14 'signWith(SignatureAlgorithm!, String!): JwtBuilder!' is deprecated. Deprecated in Java
w: file:///C:/Users/fishy/Develop/PokerLeagueBackEnd/src/main/kotlin/com/pokerleaguebackend/security/JwtTokenProvider.kt:30:27 'parser(): JwtParser!' is deprecated. Deprecated in Java
w: file:///C:/Users/fishy/Develop/PokerLeagueBackEnd/src/main/kotlin/com/pokerleaguebackend/security/JwtTokenProvider.kt:31:14 'setSigningKey(String!): JwtParser!' is deprecated. Deprecated in Java
w: file:///C:/Users/fishy/Develop/PokerLeagueBackEnd/src/main/kotlin/com/pokerleaguebackend/security/JwtTokenProvider.kt:40:18 'parser(): JwtParser!' is deprecated. Deprecated in Java
w: file:///C:/Users/fishy/Develop/PokerLeagueBackEnd/src/main/kotlin/com/pokerleaguebackend/security/JwtTokenProvider.kt:40:27 'setSigningKey(String!): JwtParser!' is deprecated. Deprecated in Java

> Task :compileJava NO-SOURCE
> Task :classes
> Task :resolveMainClassName

> Task :bootRun

  .   ____          _            __ _ _
 /\\ / ___'_ __ _ _(_)_ __  __ _ \ \ \ \
( ( )\___ | '_ | '_| | '_ \/ _` | \ \ \ \
 \\/  ___)| |_)| | | | | || (_| |  ) ) ) )
  '  |____| .__|_| |_|_| |_\__, | / / / /
 =========|_|==============|___/=/_/_/_/
 :: Spring Boot ::                (v3.1.3)

2025-07-06T00:43:26.089-05:00  INFO 29840 --- [  restartedMain] c.p.PokerLeagueBackEndApplicationKt      : Starting PokerLeagueBackEndApplicationKt using Java 17.0.12 with PID 29840 (C:\Users\fishy\Develop\PokerLeagueBackEnd\build\classes\kotlin\main started by fishy in C:\Users\fishy\Develop\PokerLeagueBackEnd)
2025-07-06T00:43:26.091-05:00  INFO 29840 --- [  restartedMain] c.p.PokerLeagueBackEndApplicationKt      : No active profile set, falling back to 1 default profile: "default"
2025-07-06T00:43:26.120-05:00  INFO 29840 --- [  restartedMain] .e.DevToolsPropertyDefaultsPostProcessor : Devtools property defaults active! Set 'spring.devtools.add-properties' to 'false' to disable
2025-07-06T00:43:26.120-05:00  INFO 29840 --- [  restartedMain] .e.DevToolsPropertyDefaultsPostProcessor : For additional web related logging consider setting the 'logging.level.web' property to 'DEBUG'
2025-07-06T00:43:26.462-05:00  INFO 29840 --- [  restartedMain] .s.d.r.c.RepositoryConfigurationDelegate : Bootstrapping Spring Data JPA repositories in DEFAULT mode.
2025-07-06T00:43:26.503-05:00  INFO 29840 --- [  restartedMain] .s.d.r.c.RepositoryConfigurationDelegate : Finished Spring Data repository scanning in 37 ms. Found 11 JPA repository interfaces.
2025-07-06T00:43:26.781-05:00  INFO 29840 --- [  restartedMain] o.s.b.w.embedded.tomcat.TomcatWebServer  : Tomcat initialized with port(s): 8080 (http)
2025-07-06T00:43:26.786-05:00  INFO 29840 --- [  restartedMain] o.apache.catalina.core.StandardService   : Starting service [Tomcat]
2025-07-06T00:43:26.786-05:00  INFO 29840 --- [  restartedMain] o.apache.catalina.core.StandardEngine    : Starting Servlet engine: [Apache Tomcat/10.1.12]
2025-07-06T00:43:26.813-05:00  INFO 29840 --- [  restartedMain] o.a.c.c.C.[Tomcat].[localhost].[/]       : Initializing Spring embedded WebApplicationContext
2025-07-06T00:43:26.813-05:00  INFO 29840 --- [  restartedMain] w.s.c.ServletWebServerApplicationContext : Root WebApplicationContext: initialization completed in 693 ms
2025-07-06T00:43:26.825-05:00  INFO 29840 --- [  restartedMain] com.zaxxer.hikari.HikariDataSource       : HikariPool-1 - Starting...
2025-07-06T00:43:26.904-05:00  INFO 29840 --- [  restartedMain] com.zaxxer.hikari.pool.HikariPool        : HikariPool-1 - Added connection conn0: url=jdbc:h2:mem:pokerleague user=SA
2025-07-06T00:43:26.905-05:00  INFO 29840 --- [  restartedMain] com.zaxxer.hikari.HikariDataSource       : HikariPool-1 - Start completed.
2025-07-06T00:43:26.911-05:00  INFO 29840 --- [  restartedMain] o.s.b.a.h2.H2ConsoleAutoConfiguration    : H2 console available at '/h2-console'. Database available at 'jdbc:h2:mem:pokerleague'
2025-07-06T00:43:26.953-05:00  INFO 29840 --- [  restartedMain] o.hibernate.jpa.internal.util.LogHelper  : HHH000204: Processing PersistenceUnitInfo [name: default]
2025-07-06T00:43:26.974-05:00  INFO 29840 --- [  restartedMain] org.hibernate.Version                    : HHH000412: Hibernate ORM core version 6.2.7.Final
2025-07-06T00:43:26.976-05:00  INFO 29840 --- [  restartedMain] org.hibernate.cfg.Environment            : HHH000406: Using bytecode reflection optimizer
2025-07-06T00:43:27.035-05:00  INFO 29840 --- [  restartedMain] o.h.b.i.BytecodeProviderInitiator        : HHH000021: Bytecode provider name : bytebuddy
2025-07-06T00:43:27.092-05:00  INFO 29840 --- [  restartedMain] o.s.o.j.p.SpringPersistenceUnitInfo      : No LoadTimeWeaver setup: ignoring JPA class transformer
2025-07-06T00:43:27.213-05:00  INFO 29840 --- [  restartedMain] o.h.b.i.BytecodeProviderInitiator        : HHH000021: Bytecode provider name : bytebuddy
2025-07-06T00:43:27.485-05:00  INFO 29840 --- [  restartedMain] o.h.e.t.j.p.i.JtaPlatformInitiator       : HHH000490: Using JtaPlatform implementation: [org.hibernate.engine.transaction.jta.platform.internal.NoJtaPlatform]
2025-07-06T00:43:27.522-05:00  INFO 29840 --- [  restartedMain] j.LocalContainerEntityManagerFactoryBean : Initialized JPA EntityManagerFactory for persistence unit 'default'
2025-07-06T00:43:27.883-05:00  INFO 29840 --- [  restartedMain] o.s.d.j.r.query.QueryEnhancerFactory     : Hibernate is in classpath; If applicable, HQL parser will be used.
2025-07-06T00:43:28.081-05:00  WARN 29840 --- [  restartedMain] JpaBaseConfiguration$JpaWebConfiguration : spring.jpa.open-in-view is enabled by default. Therefore, database queries may be performed during view rendering. Explicitly configure spring.jpa.open-in-view to disable this warning
2025-07-06T00:43:28.118-05:00  INFO 29840 --- [  restartedMain] o.s.s.web.DefaultSecurityFilterChain     : Will secure any request with [org.springframework.security.web.session.DisableEncodeUrlFilter@322bd53e, org.springframework.security.web.context.request.async.WebAsyncManagerIntegrationFilter@6e25f4f8, org.springframework.security.web.context.SecurityContextHolderFilter@394970ed, org.springframework.security.web.header.HeaderWriterFilter@1536d649, org.springframework.security.web.authentication.logout.LogoutFilter@558684d3, com.pokerleaguebackend.security.JwtAuthenticationFilter@128c408d, org.springframework.security.web.savedrequest.RequestCacheAwareFilter@36009a56, org.springframework.security.web.servletapi.SecurityContextHolderAwareRequestFilter@192a1647, org.springframework.security.web.authentication.AnonymousAuthenticationFilter@1c814a7f, org.springframework.security.web.session.SessionManagementFilter@7bd53700, org.springframework.security.web.access.ExceptionTranslationFilter@70b0f951, org.springframework.security.web.access.intercept.AuthorizationFilter@327dc5f6]
2025-07-06T00:43:28.226-05:00  WARN 29840 --- [  restartedMain] o.s.b.a.m.MustacheAutoConfiguration      : Cannot find template location: classpath:/templates/ (please add some templates, check your Mustache configuration, or set spring.mustache.check-template-location=false)
2025-07-06T00:43:28.261-05:00  INFO 29840 --- [  restartedMain] o.s.b.d.a.OptionalLiveReloadServer       : LiveReload server is running on port 35729
2025-07-06T00:43:28.276-05:00  INFO 29840 --- [  restartedMain] o.s.b.w.embedded.tomcat.TomcatWebServer  : Tomcat started on port(s): 8080 (http) with context path ''
2025-07-06T00:43:28.280-05:00  INFO 29840 --- [  restartedMain] c.p.PokerLeagueBackEndApplicationKt      : Started PokerLeagueBackEndApplicationKt in 2.349 seconds (process running for 2.547)
